INFO: pocketsphinx.c(152): Parsed model-specific feature parameters from ./models/en-us-YJM/feat.params
Current configuration:
[NAME]			[DEFLT]		[VALUE]
-agc			none		none
-agcthresh		2.0		2.000000e+00
-allphone				
-allphone_ci		yes		yes
-alpha			0.97		9.700000e-01
-ascale			20.0		2.000000e+01
-aw			1		1
-backtrace		no		no
-beam			1e-48		1.000000e-48
-bestpath		yes		yes
-bestpathlw		9.5		9.500000e+00
-ceplen			13		13
-cmn			live		current
-cmninit		40,3,-1		40,3,-1
-compallsen		no		no
-dict					./models/cmudict-en-us.dict
-dictcase		no		no
-dither			no		no
-doublebw		no		no
-ds			1		1
-fdict					
-feat			1s_c_d_dd	1s_c_d_dd
-featparams				
-fillprob		1e-8		1.000000e-08
-frate			100		100
-fsg					
-fsgusealtpron		yes		yes
-fsgusefiller		yes		yes
-fwdflat		yes		yes
-fwdflatbeam		1e-64		1.000000e-64
-fwdflatefwid		4		4
-fwdflatlw		8.5		8.500000e+00
-fwdflatsfwin		25		25
-fwdflatwbeam		7e-29		7.000000e-29
-fwdtree		yes		yes
-hmm					./models/en-us-YJM
-input_endian		little		little
-jsgf					
-keyphrase				
-kws					./models/keyphrase
-kws_delay		10		10
-kws_plp		1e-1		1.000000e-01
-kws_threshold		1e-30		1.000000e-30
-latsize		5000		5000
-lda					
-ldadim			0		0
-lifter			0		22
-lm					
-lmctl					
-lmname					
-logbase		1.0001		1.000100e+00
-logfn					./kws2.log
-logspec		no		no
-lowerf			133.33334	1.300000e+02
-lpbeam			1e-40		1.000000e-40
-lponlybeam		7e-29		7.000000e-29
-lw			6.5		6.500000e+00
-maxhmmpf		30000		30000
-maxwpf			-1		-1
-mdef					
-mean					
-mfclogdir				
-min_endfr		0		0
-mixw					
-mixwfloor		0.0000001	1.000000e-07
-mllr					
-mmap			yes		yes
-ncep			13		13
-nfft			512		512
-nfilt			40		25
-nwpen			1.0		1.000000e+00
-pbeam			1e-48		1.000000e-48
-pip			1.0		1.000000e+00
-pl_beam		1e-10		1.000000e-10
-pl_pbeam		1e-10		1.000000e-10
-pl_pip			1.0		1.000000e+00
-pl_weight		3.0		3.000000e+00
-pl_window		5		5
-rawlogdir				
-remove_dc		no		no
-remove_noise		yes		yes
-remove_silence		yes		yes
-round_filters		yes		yes
-samprate		16000		1.600000e+04
-seed			-1		-1
-sendump				
-senlogdir				
-senmgau				
-silprob		0.005		5.000000e-03
-smoothspec		no		no
-svspec					0-12/13-25/26-38
-tmat					
-tmatfloor		0.0001		1.000000e-04
-topn			4		4
-topn_beam		0		0
-toprule				
-transform		legacy		dct
-unit_area		yes		yes
-upperf			6855.4976	6.800000e+03
-uw			1.0		1.000000e+00
-vad_postspeech		50		50
-vad_prespeech		20		20
-vad_startspeech	10		10
-vad_threshold		3.0		3.000000e+00
-var					
-varfloor		0.0001		1.000000e-04
-varnorm		no		no
-verbose		no		no
-warp_params				
-warp_type		inverse_linear	inverse_linear
-wbeam			7e-29		7.000000e-29
-wip			0.65		6.500000e-01
-wlen			0.025625	2.562500e-02

INFO: feat.c(715): Initializing feature stream to type: '1s_c_d_dd', ceplen=13, CMN='batch', VARNORM='no', AGC='none'
INFO: acmod.c(162): Using subvector specification 0-12/13-25/26-38
INFO: mdef.c(518): Reading model definition: ./models/en-us-YJM/mdef
INFO: bin_mdef.c(181): Allocating 142108 * 8 bytes (1110 KiB) for CD tree
INFO: tmat.c(149): Reading HMM transition probability matrices: ./models/en-us-YJM/transition_matrices
INFO: acmod.c(113): Attempting to use PTM computation module
INFO: ms_gauden.c(127): Reading mixture gaussian parameter: ./models/en-us-YJM/means
INFO: ms_gauden.c(242): 42 codebook, 3 feature, size: 
INFO: ms_gauden.c(244):  128x13
INFO: ms_gauden.c(244):  128x13
INFO: ms_gauden.c(244):  128x13
INFO: ms_gauden.c(127): Reading mixture gaussian parameter: ./models/en-us-YJM/variances
INFO: ms_gauden.c(242): 42 codebook, 3 feature, size: 
INFO: ms_gauden.c(244):  128x13
INFO: ms_gauden.c(244):  128x13
INFO: ms_gauden.c(244):  128x13
INFO: ms_gauden.c(304): 222 variance values floored
INFO: ptm_mgau.c(475): Loading senones from dump file ./models/en-us-YJM/sendump
INFO: ptm_mgau.c(499): BEGIN FILE FORMAT DESCRIPTION
INFO: ptm_mgau.c(562): Rows: 128, Columns: 5126
INFO: ptm_mgau.c(594): Using memory-mapped I/O for senones
INFO: ptm_mgau.c(837): Maximum top-N: 4
INFO: phone_loop_search.c(114): State beam -225 Phone exit beam -225 Insertion penalty 0
INFO: dict.c(320): Allocating 138883 * 32 bytes (4340 KiB) for word entries
INFO: dict.c(333): Reading main dictionary: ./models/cmudict-en-us.dict
INFO: dict.c(213): Dictionary size 134782, allocated 1016 KiB for strings, 1680 KiB for phones
INFO: dict.c(336): 134782 words read
INFO: dict.c(358): Reading filler dictionary: ./models/en-us-YJM/noisedict
INFO: dict.c(213): Dictionary size 134787, allocated 0 KiB for strings, 0 KiB for phones
INFO: dict.c(361): 5 words read
INFO: dict2pid.c(396): Building PID tables for dictionary
INFO: dict2pid.c(406): Allocating 42^3 * 2 bytes (144 KiB) for word-initial triphones
INFO: dict2pid.c(132): Allocated 42672 bytes (41 KiB) for word-final triphones
INFO: dict2pid.c(196): Allocated 42672 bytes (41 KiB) for single-phone word triphones
INFO: kws_search.c(406): KWS(beam: -1080, plp: -23, default threshold -675, delay 10)
INFO: pocketsphinx.c(152): Parsed model-specific feature parameters from ./models/en-us-YJM/feat.params
Current configuration:
[NAME]			[DEFLT]		[VALUE]
-agc			none		none
-agcthresh		2.0		2.000000e+00
-allphone				
-allphone_ci		yes		yes
-alpha			0.97		9.700000e-01
-ascale			20.0		2.000000e+01
-aw			1		1
-backtrace		no		no
-beam			1e-48		1.000000e-48
-bestpath		yes		yes
-bestpathlw		9.5		9.500000e+00
-ceplen			13		13
-cmn			live		current
-cmninit		40,3,-1		40,3,-1
-compallsen		no		no
-dict					./models/cmudict-en-us.dict
-dictcase		no		no
-dither			no		no
-doublebw		no		no
-ds			1		1
-fdict					
-feat			1s_c_d_dd	1s_c_d_dd
-featparams				
-fillprob		1e-8		1.000000e-08
-frate			100		100
-fsg					
-fsgusealtpron		yes		yes
-fsgusefiller		yes		yes
-fwdflat		yes		yes
-fwdflatbeam		1e-64		1.000000e-64
-fwdflatefwid		4		4
-fwdflatlw		8.5		8.500000e+00
-fwdflatsfwin		25		25
-fwdflatwbeam		7e-29		7.000000e-29
-fwdtree		yes		yes
-hmm					./models/en-us-YJM
-input_endian		little		little
-jsgf					
-keyphrase				
-kws					./models/keyphrase
-kws_delay		10		10
-kws_plp		1e-1		1.000000e-01
-kws_threshold		1e-30		1.000000e-30
-latsize		5000		5000
-lda					
-ldadim			0		0
-lifter			0		22
-lm					
-lmctl					
-lmname					
-logbase		1.0001		1.000100e+00
-logfn					./kws2.log
-logspec		no		no
-lowerf			133.33334	1.300000e+02
-lpbeam			1e-40		1.000000e-40
-lponlybeam		7e-29		7.000000e-29
-lw			6.5		6.500000e+00
-maxhmmpf		30000		30000
-maxwpf			-1		-1
-mdef					
-mean					
-mfclogdir				
-min_endfr		0		0
-mixw					
-mixwfloor		0.0000001	1.000000e-07
-mllr					
-mmap			yes		yes
-ncep			13		13
-nfft			512		512
-nfilt			40		25
-nwpen			1.0		1.000000e+00
-pbeam			1e-48		1.000000e-48
-pip			1.0		1.000000e+00
-pl_beam		1e-10		1.000000e-10
-pl_pbeam		1e-10		1.000000e-10
-pl_pip			1.0		1.000000e+00
-pl_weight		3.0		3.000000e+00
-pl_window		5		5
-rawlogdir				
-remove_dc		no		no
-remove_noise		yes		yes
-remove_silence		yes		yes
-round_filters		yes		yes
-samprate		16000		1.600000e+04
-seed			-1		-1
-sendump				
-senlogdir				
-senmgau				
-silprob		0.005		5.000000e-03
-smoothspec		no		no
-svspec					0-12/13-25/26-38
-tmat					
-tmatfloor		0.0001		1.000000e-04
-topn			4		4
-topn_beam		0		0
-toprule				
-transform		legacy		dct
-unit_area		yes		yes
-upperf			6855.4976	6.800000e+03
-uw			1.0		1.000000e+00
-vad_postspeech		50		50
-vad_prespeech		20		20
-vad_startspeech	10		10
-vad_threshold		3.0		3.000000e+00
-var					
-varfloor		0.0001		1.000000e-04
-varnorm		no		no
-verbose		no		no
-warp_params				
-warp_type		inverse_linear	inverse_linear
-wbeam			7e-29		7.000000e-29
-wip			0.65		6.500000e-01
-wlen			0.025625	2.562500e-02

INFO: feat.c(715): Initializing feature stream to type: '1s_c_d_dd', ceplen=13, CMN='batch', VARNORM='no', AGC='none'
INFO: acmod.c(162): Using subvector specification 0-12/13-25/26-38
INFO: mdef.c(518): Reading model definition: ./models/en-us-YJM/mdef
INFO: bin_mdef.c(181): Allocating 142108 * 8 bytes (1110 KiB) for CD tree
INFO: tmat.c(149): Reading HMM transition probability matrices: ./models/en-us-YJM/transition_matrices
INFO: acmod.c(113): Attempting to use PTM computation module
INFO: ms_gauden.c(127): Reading mixture gaussian parameter: ./models/en-us-YJM/means
INFO: ms_gauden.c(242): 42 codebook, 3 feature, size: 
INFO: ms_gauden.c(244):  128x13
INFO: ms_gauden.c(244):  128x13
INFO: ms_gauden.c(244):  128x13
INFO: ms_gauden.c(127): Reading mixture gaussian parameter: ./models/en-us-YJM/variances
INFO: ms_gauden.c(242): 42 codebook, 3 feature, size: 
INFO: ms_gauden.c(244):  128x13
INFO: ms_gauden.c(244):  128x13
INFO: ms_gauden.c(244):  128x13
INFO: ms_gauden.c(304): 222 variance values floored
INFO: ptm_mgau.c(475): Loading senones from dump file ./models/en-us-YJM/sendump
INFO: ptm_mgau.c(499): BEGIN FILE FORMAT DESCRIPTION
INFO: ptm_mgau.c(562): Rows: 128, Columns: 5126
INFO: ptm_mgau.c(594): Using memory-mapped I/O for senones
INFO: ptm_mgau.c(837): Maximum top-N: 4
INFO: phone_loop_search.c(114): State beam -225 Phone exit beam -225 Insertion penalty 0
INFO: dict.c(320): Allocating 138883 * 32 bytes (4340 KiB) for word entries
INFO: dict.c(333): Reading main dictionary: ./models/cmudict-en-us.dict
INFO: dict.c(213): Dictionary size 134782, allocated 1016 KiB for strings, 1680 KiB for phones
INFO: dict.c(336): 134782 words read
INFO: dict.c(358): Reading filler dictionary: ./models/en-us-YJM/noisedict
INFO: dict.c(213): Dictionary size 134787, allocated 0 KiB for strings, 0 KiB for phones
INFO: dict.c(361): 5 words read
INFO: dict2pid.c(396): Building PID tables for dictionary
INFO: dict2pid.c(406): Allocating 42^3 * 2 bytes (144 KiB) for word-initial triphones
INFO: dict2pid.c(132): Allocated 42672 bytes (41 KiB) for word-final triphones
INFO: dict2pid.c(196): Allocated 42672 bytes (41 KiB) for single-phone word triphones
INFO: kws_search.c(406): KWS(beam: -1080, plp: -23, default threshold -675, delay 10)
INFO: cmn_live.c(120): Update from < 40.00  3.00 -1.00  0.00  0.00  0.00  0.00  0.00  0.00  0.00  0.00  0.00  0.00 >
INFO: cmn_live.c(138): Update to   < 46.49 17.90 -0.46  6.93 -4.09 12.26 -5.49 -2.74 -13.10  2.84 -4.30  0.44 -0.95 >
INFO: kws_search.c(656): kws 0.14 CPU 0.046 xRT
INFO: kws_search.c(658): kws 1.52 wall 0.517 xRT
INFO: pocketsphinx.c(152): Parsed model-specific feature parameters from ./models/en-us-YJM/feat.params
Current configuration:
[NAME]			[DEFLT]		[VALUE]
-agc			none		none
-agcthresh		2.0		2.000000e+00
-allphone				
-allphone_ci		yes		yes
-alpha			0.97		9.700000e-01
-ascale			20.0		2.000000e+01
-aw			1		1
-backtrace		no		no
-beam			1e-48		1.000000e-48
-bestpath		yes		yes
-bestpathlw		9.5		9.500000e+00
-ceplen			13		13
-cmn			live		current
-cmninit		40,3,-1		40,3,-1
-compallsen		no		no
-dict					./models/cmudict-en-us.dict
-dictcase		no		no
-dither			no		no
-doublebw		no		no
-ds			1		1
-fdict					
-feat			1s_c_d_dd	1s_c_d_dd
-featparams				
-fillprob		1e-8		1.000000e-08
-frate			100		100
-fsg					
-fsgusealtpron		yes		yes
-fsgusefiller		yes		yes
-fwdflat		yes		yes
-fwdflatbeam		1e-64		1.000000e-64
-fwdflatefwid		4		4
-fwdflatlw		8.5		8.500000e+00
-fwdflatsfwin		25		25
-fwdflatwbeam		7e-29		7.000000e-29
-fwdtree		yes		yes
-hmm					./models/en-us-YJM
-input_endian		little		little
-jsgf					
-keyphrase				
-kws					./models/keyphrase
-kws_delay		10		10
-kws_plp		1e-1		1.000000e-01
-kws_threshold		1e-30		1.000000e-30
-latsize		5000		5000
-lda					
-ldadim			0		0
-lifter			0		22
-lm					
-lmctl					
-lmname					
-logbase		1.0001		1.000100e+00
-logfn					./kws2.log
-logspec		no		no
-lowerf			133.33334	1.300000e+02
-lpbeam			1e-40		1.000000e-40
-lponlybeam		7e-29		7.000000e-29
-lw			6.5		6.500000e+00
-maxhmmpf		30000		30000
-maxwpf			-1		-1
-mdef					
-mean					
-mfclogdir				
-min_endfr		0		0
-mixw					
-mixwfloor		0.0000001	1.000000e-07
-mllr					
-mmap			yes		yes
-ncep			13		13
-nfft			512		512
-nfilt			40		25
-nwpen			1.0		1.000000e+00
-pbeam			1e-48		1.000000e-48
-pip			1.0		1.000000e+00
-pl_beam		1e-10		1.000000e-10
-pl_pbeam		1e-10		1.000000e-10
-pl_pip			1.0		1.000000e+00
-pl_weight		3.0		3.000000e+00
-pl_window		5		5
-rawlogdir				
-remove_dc		no		no
-remove_noise		yes		yes
-remove_silence		yes		yes
-round_filters		yes		yes
-samprate		16000		1.600000e+04
-seed			-1		-1
-sendump				
-senlogdir				
-senmgau				
-silprob		0.005		5.000000e-03
-smoothspec		no		no
-svspec					0-12/13-25/26-38
-tmat					
-tmatfloor		0.0001		1.000000e-04
-topn			4		4
-topn_beam		0		0
-toprule				
-transform		legacy		dct
-unit_area		yes		yes
-upperf			6855.4976	6.800000e+03
-uw			1.0		1.000000e+00
-vad_postspeech		50		50
-vad_prespeech		20		20
-vad_startspeech	10		10
-vad_threshold		3.0		3.000000e+00
-var					
-varfloor		0.0001		1.000000e-04
-varnorm		no		no
-verbose		no		no
-warp_params				
-warp_type		inverse_linear	inverse_linear
-wbeam			7e-29		7.000000e-29
-wip			0.65		6.500000e-01
-wlen			0.025625	2.562500e-02

INFO: ngram_search_fwdtree.c(429): TOTAL fwdtree 0.00 CPU nan xRT
INFO: ngram_search_fwdtree.c(432): TOTAL fwdtree 0.00 wall nan xRT
INFO: ngram_search_fwdflat.c(176): TOTAL fwdflat 0.00 CPU nan xRT
INFO: ngram_search_fwdflat.c(179): TOTAL fwdflat 0.00 wall nan xRT
INFO: ngram_search.c(303): TOTAL bestpath 0.00 CPU nan xRT
INFO: ngram_search.c(306): TOTAL bestpath 0.00 wall nan xRT
INFO: feat.c(715): Initializing feature stream to type: '1s_c_d_dd', ceplen=13, CMN='batch', VARNORM='no', AGC='none'
INFO: acmod.c(162): Using subvector specification 0-12/13-25/26-38
INFO: mdef.c(518): Reading model definition: ./models/en-us-YJM/mdef
INFO: bin_mdef.c(181): Allocating 142108 * 8 bytes (1110 KiB) for CD tree
INFO: tmat.c(149): Reading HMM transition probability matrices: ./models/en-us-YJM/transition_matrices
INFO: acmod.c(113): Attempting to use PTM computation module
INFO: ms_gauden.c(127): Reading mixture gaussian parameter: ./models/en-us-YJM/means
INFO: ms_gauden.c(242): 42 codebook, 3 feature, size: 
INFO: ms_gauden.c(244):  128x13
INFO: ms_gauden.c(244):  128x13
INFO: ms_gauden.c(244):  128x13
INFO: ms_gauden.c(127): Reading mixture gaussian parameter: ./models/en-us-YJM/variances
INFO: ms_gauden.c(242): 42 codebook, 3 feature, size: 
INFO: ms_gauden.c(244):  128x13
INFO: ms_gauden.c(244):  128x13
INFO: ms_gauden.c(244):  128x13
INFO: ms_gauden.c(304): 222 variance values floored
INFO: ptm_mgau.c(475): Loading senones from dump file ./models/en-us-YJM/sendump
INFO: ptm_mgau.c(499): BEGIN FILE FORMAT DESCRIPTION
INFO: ptm_mgau.c(562): Rows: 128, Columns: 5126
INFO: ptm_mgau.c(594): Using memory-mapped I/O for senones
INFO: ptm_mgau.c(837): Maximum top-N: 4
INFO: phone_loop_search.c(114): State beam -225 Phone exit beam -225 Insertion penalty 0
INFO: dict.c(320): Allocating 138883 * 32 bytes (4340 KiB) for word entries
INFO: dict.c(333): Reading main dictionary: ./models/cmudict-en-us.dict
INFO: dict.c(213): Dictionary size 134782, allocated 1016 KiB for strings, 1680 KiB for phones
INFO: dict.c(336): 134782 words read
INFO: dict.c(358): Reading filler dictionary: ./models/en-us-YJM/noisedict
INFO: dict.c(213): Dictionary size 134787, allocated 0 KiB for strings, 0 KiB for phones
INFO: dict.c(361): 5 words read
INFO: dict2pid.c(396): Building PID tables for dictionary
INFO: dict2pid.c(406): Allocating 42^3 * 2 bytes (144 KiB) for word-initial triphones
INFO: dict2pid.c(132): Allocated 42672 bytes (41 KiB) for word-final triphones
INFO: dict2pid.c(196): Allocated 42672 bytes (41 KiB) for single-phone word triphones
INFO: kws_search.c(406): KWS(beam: -1080, plp: -23, default threshold -675, delay 10)
ERROR: "pocketsphinx.c", line 1068: Failed to process data, utterance is not started. Use start_utt to start it
ERROR: "pocketsphinx.c", line 1131: Utterance is not started
INFO: cmn_live.c(120): Update from < 40.00  3.00 -1.00  0.00  0.00  0.00  0.00  0.00  0.00  0.00  0.00  0.00  0.00 >
INFO: cmn_live.c(138): Update to   < 23.33 18.73 11.25 14.56  8.68 18.71  0.86 16.68 -3.08  6.53 -1.43 13.64 -1.02 >
INFO: kws_search.c(656): kws 0.05 CPU 0.056 xRT
INFO: kws_search.c(658): kws 0.12 wall 0.142 xRT
INFO: cmn_live.c(120): Update from < 23.33 18.73 11.25 14.56  8.68 18.71  0.86 16.68 -3.08  6.53 -1.43 13.64 -1.02 >
INFO: cmn_live.c(138): Update to   < 28.11 17.66  2.92 -1.52 -2.52 20.77 -2.11  3.91 -8.91  5.64 -3.90  2.41 -9.50 >
INFO: kws_search.c(656): kws 0.07 CPU 0.046 xRT
INFO: kws_search.c(658): kws 0.14 wall 0.089 xRT
INFO: cmn_live.c(120): Update from < 28.11 17.66  2.92 -1.52 -2.52 20.77 -2.11  3.91 -8.91  5.64 -3.90  2.41 -9.50 >
INFO: cmn_live.c(138): Update to   < 31.76 13.00 -0.34 -0.10 -7.25 12.55 -5.94  2.22 -11.23  3.26 -0.06  9.18 -4.27 >
INFO: kws_search.c(656): kws 0.08 CPU 0.044 xRT
INFO: kws_search.c(658): kws 1.61 wall 0.940 xRT
INFO: pocketsphinx.c(152): Parsed model-specific feature parameters from ./models/en-us-YJM/feat.params
Current configuration:
[NAME]			[DEFLT]		[VALUE]
-agc			none		none
-agcthresh		2.0		2.000000e+00
-allphone				
-allphone_ci		yes		yes
-alpha			0.97		9.700000e-01
-ascale			20.0		2.000000e+01
-aw			1		1
-backtrace		no		no
-beam			1e-48		1.000000e-48
-bestpath		yes		yes
-bestpathlw		9.5		9.500000e+00
-ceplen			13		13
-cmn			live		current
-cmninit		40,3,-1		40,3,-1
-compallsen		no		no
-dict					./models/cmudict-en-us.dict
-dictcase		no		no
-dither			no		no
-doublebw		no		no
-ds			1		1
-fdict					
-feat			1s_c_d_dd	1s_c_d_dd
-featparams				
-fillprob		1e-8		1.000000e-08
-frate			100		100
-fsg					
-fsgusealtpron		yes		yes
-fsgusefiller		yes		yes
-fwdflat		yes		yes
-fwdflatbeam		1e-64		1.000000e-64
-fwdflatefwid		4		4
-fwdflatlw		8.5		8.500000e+00
-fwdflatsfwin		25		25
-fwdflatwbeam		7e-29		7.000000e-29
-fwdtree		yes		yes
-hmm					./models/en-us-YJM
-input_endian		little		little
-jsgf					
-keyphrase				
-kws					./models/keyphrase
-kws_delay		10		10
-kws_plp		1e-1		1.000000e-01
-kws_threshold		1e-30		1.000000e-30
-latsize		5000		5000
-lda					
-ldadim			0		0
-lifter			0		22
-lm					
-lmctl					
-lmname					
-logbase		1.0001		1.000100e+00
-logfn					./kws2.log
-logspec		no		no
-lowerf			133.33334	1.300000e+02
-lpbeam			1e-40		1.000000e-40
-lponlybeam		7e-29		7.000000e-29
-lw			6.5		6.500000e+00
-maxhmmpf		30000		30000
-maxwpf			-1		-1
-mdef					
-mean					
-mfclogdir				
-min_endfr		0		0
-mixw					
-mixwfloor		0.0000001	1.000000e-07
-mllr					
-mmap			yes		yes
-ncep			13		13
-nfft			512		512
-nfilt			40		25
-nwpen			1.0		1.000000e+00
-pbeam			1e-48		1.000000e-48
-pip			1.0		1.000000e+00
-pl_beam		1e-10		1.000000e-10
-pl_pbeam		1e-10		1.000000e-10
-pl_pip			1.0		1.000000e+00
-pl_weight		3.0		3.000000e+00
-pl_window		5		5
-rawlogdir				
-remove_dc		no		no
-remove_noise		yes		yes
-remove_silence		yes		yes
-round_filters		yes		yes
-samprate		16000		1.600000e+04
-seed			-1		-1
-sendump				
-senlogdir				
-senmgau				
-silprob		0.005		5.000000e-03
-smoothspec		no		no
-svspec					0-12/13-25/26-38
-tmat					
-tmatfloor		0.0001		1.000000e-04
-topn			4		4
-topn_beam		0		0
-toprule				
-transform		legacy		dct
-unit_area		yes		yes
-upperf			6855.4976	6.800000e+03
-uw			1.0		1.000000e+00
-vad_postspeech		50		50
-vad_prespeech		20		20
-vad_startspeech	10		10
-vad_threshold		3.0		3.000000e+00
-var					
-varfloor		0.0001		1.000000e-04
-varnorm		no		no
-verbose		no		no
-warp_params				
-warp_type		inverse_linear	inverse_linear
-wbeam			7e-29		7.000000e-29
-wip			0.65		6.500000e-01
-wlen			0.025625	2.562500e-02

INFO: ngram_search_fwdtree.c(429): TOTAL fwdtree 0.00 CPU nan xRT
INFO: ngram_search_fwdtree.c(432): TOTAL fwdtree 0.00 wall nan xRT
INFO: ngram_search_fwdflat.c(176): TOTAL fwdflat 0.00 CPU nan xRT
INFO: ngram_search_fwdflat.c(179): TOTAL fwdflat 0.00 wall nan xRT
INFO: ngram_search.c(303): TOTAL bestpath 0.00 CPU nan xRT
INFO: ngram_search.c(306): TOTAL bestpath 0.00 wall nan xRT
INFO: feat.c(715): Initializing feature stream to type: '1s_c_d_dd', ceplen=13, CMN='batch', VARNORM='no', AGC='none'
INFO: acmod.c(162): Using subvector specification 0-12/13-25/26-38
INFO: mdef.c(518): Reading model definition: ./models/en-us-YJM/mdef
INFO: bin_mdef.c(181): Allocating 142108 * 8 bytes (1110 KiB) for CD tree
INFO: tmat.c(149): Reading HMM transition probability matrices: ./models/en-us-YJM/transition_matrices
INFO: acmod.c(113): Attempting to use PTM computation module
INFO: ms_gauden.c(127): Reading mixture gaussian parameter: ./models/en-us-YJM/means
INFO: ms_gauden.c(242): 42 codebook, 3 feature, size: 
INFO: ms_gauden.c(244):  128x13
INFO: ms_gauden.c(244):  128x13
INFO: ms_gauden.c(244):  128x13
INFO: ms_gauden.c(127): Reading mixture gaussian parameter: ./models/en-us-YJM/variances
INFO: ms_gauden.c(242): 42 codebook, 3 feature, size: 
INFO: ms_gauden.c(244):  128x13
INFO: ms_gauden.c(244):  128x13
INFO: ms_gauden.c(244):  128x13
INFO: ms_gauden.c(304): 222 variance values floored
INFO: ptm_mgau.c(475): Loading senones from dump file ./models/en-us-YJM/sendump
INFO: ptm_mgau.c(499): BEGIN FILE FORMAT DESCRIPTION
INFO: ptm_mgau.c(562): Rows: 128, Columns: 5126
INFO: ptm_mgau.c(594): Using memory-mapped I/O for senones
INFO: ptm_mgau.c(837): Maximum top-N: 4
INFO: phone_loop_search.c(114): State beam -225 Phone exit beam -225 Insertion penalty 0
INFO: dict.c(320): Allocating 138883 * 32 bytes (4340 KiB) for word entries
INFO: dict.c(333): Reading main dictionary: ./models/cmudict-en-us.dict
INFO: dict.c(213): Dictionary size 134782, allocated 1016 KiB for strings, 1680 KiB for phones
INFO: dict.c(336): 134782 words read
INFO: dict.c(358): Reading filler dictionary: ./models/en-us-YJM/noisedict
INFO: dict.c(213): Dictionary size 134787, allocated 0 KiB for strings, 0 KiB for phones
INFO: dict.c(361): 5 words read
INFO: dict2pid.c(396): Building PID tables for dictionary
INFO: dict2pid.c(406): Allocating 42^3 * 2 bytes (144 KiB) for word-initial triphones
INFO: dict2pid.c(132): Allocated 42672 bytes (41 KiB) for word-final triphones
INFO: dict2pid.c(196): Allocated 42672 bytes (41 KiB) for single-phone word triphones
INFO: kws_search.c(406): KWS(beam: -1080, plp: -23, default threshold -675, delay 10)
ERROR: "pocketsphinx.c", line 1068: Failed to process data, utterance is not started. Use start_utt to start it
ERROR: "pocketsphinx.c", line 1131: Utterance is not started
INFO: cmn_live.c(120): Update from < 40.00  3.00 -1.00  0.00  0.00  0.00  0.00  0.00  0.00  0.00  0.00  0.00  0.00 >
INFO: cmn_live.c(138): Update to   < 69.86 -3.86 -10.89 -7.14 -11.30  7.69  3.16 17.50  2.74  9.17 -1.23  6.11 -4.20 >
INFO: kws_search.c(656): kws 0.21 CPU 0.045 xRT
INFO: kws_search.c(658): kws 0.60 wall 0.129 xRT
INFO: pocketsphinx.c(152): Parsed model-specific feature parameters from ./models/en-us-YJM/feat.params
Current configuration:
[NAME]			[DEFLT]		[VALUE]
-agc			none		none
-agcthresh		2.0		2.000000e+00
-allphone				
-allphone_ci		yes		yes
-alpha			0.97		9.700000e-01
-ascale			20.0		2.000000e+01
-aw			1		1
-backtrace		no		no
-beam			1e-48		1.000000e-48
-bestpath		yes		yes
-bestpathlw		9.5		9.500000e+00
-ceplen			13		13
-cmn			live		current
-cmninit		40,3,-1		40,3,-1
-compallsen		no		no
-dict					./models/cmudict-en-us.dict
-dictcase		no		no
-dither			no		no
-doublebw		no		no
-ds			1		1
-fdict					
-feat			1s_c_d_dd	1s_c_d_dd
-featparams				
-fillprob		1e-8		1.000000e-08
-frate			100		100
-fsg					
-fsgusealtpron		yes		yes
-fsgusefiller		yes		yes
-fwdflat		yes		yes
-fwdflatbeam		1e-64		1.000000e-64
-fwdflatefwid		4		4
-fwdflatlw		8.5		8.500000e+00
-fwdflatsfwin		25		25
-fwdflatwbeam		7e-29		7.000000e-29
-fwdtree		yes		yes
-hmm					./models/en-us-YJM
-input_endian		little		little
-jsgf					
-keyphrase				
-kws					./models/keyphrase
-kws_delay		10		10
-kws_plp		1e-1		1.000000e-01
-kws_threshold		1e-30		1.000000e-30
-latsize		5000		5000
-lda					
-ldadim			0		0
-lifter			0		22
-lm					
-lmctl					
-lmname					
-logbase		1.0001		1.000100e+00
-logfn					./kws2.log
-logspec		no		no
-lowerf			133.33334	1.300000e+02
-lpbeam			1e-40		1.000000e-40
-lponlybeam		7e-29		7.000000e-29
-lw			6.5		6.500000e+00
-maxhmmpf		30000		30000
-maxwpf			-1		-1
-mdef					
-mean					
-mfclogdir				
-min_endfr		0		0
-mixw					
-mixwfloor		0.0000001	1.000000e-07
-mllr					
-mmap			yes		yes
-ncep			13		13
-nfft			512		512
-nfilt			40		25
-nwpen			1.0		1.000000e+00
-pbeam			1e-48		1.000000e-48
-pip			1.0		1.000000e+00
-pl_beam		1e-10		1.000000e-10
-pl_pbeam		1e-10		1.000000e-10
-pl_pip			1.0		1.000000e+00
-pl_weight		3.0		3.000000e+00
-pl_window		5		5
-rawlogdir				
-remove_dc		no		no
-remove_noise		yes		yes
-remove_silence		yes		yes
-round_filters		yes		yes
-samprate		16000		1.600000e+04
-seed			-1		-1
-sendump				
-senlogdir				
-senmgau				
-silprob		0.005		5.000000e-03
-smoothspec		no		no
-svspec					0-12/13-25/26-38
-tmat					
-tmatfloor		0.0001		1.000000e-04
-topn			4		4
-topn_beam		0		0
-toprule				
-transform		legacy		dct
-unit_area		yes		yes
-upperf			6855.4976	6.800000e+03
-uw			1.0		1.000000e+00
-vad_postspeech		50		50
-vad_prespeech		20		20
-vad_startspeech	10		10
-vad_threshold		3.0		3.000000e+00
-var					
-varfloor		0.0001		1.000000e-04
-varnorm		no		no
-verbose		no		no
-warp_params				
-warp_type		inverse_linear	inverse_linear
-wbeam			7e-29		7.000000e-29
-wip			0.65		6.500000e-01
-wlen			0.025625	2.562500e-02

INFO: feat.c(715): Initializing feature stream to type: '1s_c_d_dd', ceplen=13, CMN='batch', VARNORM='no', AGC='none'
INFO: acmod.c(162): Using subvector specification 0-12/13-25/26-38
INFO: mdef.c(518): Reading model definition: ./models/en-us-YJM/mdef
INFO: bin_mdef.c(181): Allocating 142108 * 8 bytes (1110 KiB) for CD tree
INFO: tmat.c(149): Reading HMM transition probability matrices: ./models/en-us-YJM/transition_matrices
INFO: acmod.c(113): Attempting to use PTM computation module
INFO: ms_gauden.c(127): Reading mixture gaussian parameter: ./models/en-us-YJM/means
INFO: ms_gauden.c(242): 42 codebook, 3 feature, size: 
INFO: ms_gauden.c(244):  128x13
INFO: ms_gauden.c(244):  128x13
INFO: ms_gauden.c(244):  128x13
INFO: ms_gauden.c(127): Reading mixture gaussian parameter: ./models/en-us-YJM/variances
INFO: ms_gauden.c(242): 42 codebook, 3 feature, size: 
INFO: ms_gauden.c(244):  128x13
INFO: ms_gauden.c(244):  128x13
INFO: ms_gauden.c(244):  128x13
INFO: ms_gauden.c(304): 222 variance values floored
INFO: ptm_mgau.c(475): Loading senones from dump file ./models/en-us-YJM/sendump
INFO: ptm_mgau.c(499): BEGIN FILE FORMAT DESCRIPTION
INFO: ptm_mgau.c(562): Rows: 128, Columns: 5126
INFO: ptm_mgau.c(594): Using memory-mapped I/O for senones
INFO: ptm_mgau.c(837): Maximum top-N: 4
INFO: phone_loop_search.c(114): State beam -225 Phone exit beam -225 Insertion penalty 0
INFO: dict.c(320): Allocating 138883 * 32 bytes (4340 KiB) for word entries
INFO: dict.c(333): Reading main dictionary: ./models/cmudict-en-us.dict
INFO: dict.c(213): Dictionary size 134782, allocated 1016 KiB for strings, 1680 KiB for phones
INFO: dict.c(336): 134782 words read
INFO: dict.c(358): Reading filler dictionary: ./models/en-us-YJM/noisedict
INFO: dict.c(213): Dictionary size 134787, allocated 0 KiB for strings, 0 KiB for phones
INFO: dict.c(361): 5 words read
INFO: dict2pid.c(396): Building PID tables for dictionary
INFO: dict2pid.c(406): Allocating 42^3 * 2 bytes (144 KiB) for word-initial triphones
INFO: dict2pid.c(132): Allocated 42672 bytes (41 KiB) for word-final triphones
INFO: dict2pid.c(196): Allocated 42672 bytes (41 KiB) for single-phone word triphones
INFO: kws_search.c(406): KWS(beam: -1080, plp: -23, default threshold -675, delay 10)
INFO: pocketsphinx.c(152): Parsed model-specific feature parameters from ./models/en-us-YJM/feat.params
Current configuration:
[NAME]			[DEFLT]		[VALUE]
-agc			none		none
-agcthresh		2.0		2.000000e+00
-allphone				
-allphone_ci		yes		yes
-alpha			0.97		9.700000e-01
-ascale			20.0		2.000000e+01
-aw			1		1
-backtrace		no		no
-beam			1e-48		1.000000e-48
-bestpath		yes		yes
-bestpathlw		9.5		9.500000e+00
-ceplen			13		13
-cmn			live		current
-cmninit		40,3,-1		40,3,-1
-compallsen		no		no
-dict					./models/cmudict-en-us.dict
-dictcase		no		no
-dither			no		no
-doublebw		no		no
-ds			1		1
-fdict					
-feat			1s_c_d_dd	1s_c_d_dd
-featparams				
-fillprob		1e-8		1.000000e-08
-frate			100		100
-fsg					
-fsgusealtpron		yes		yes
-fsgusefiller		yes		yes
-fwdflat		yes		yes
-fwdflatbeam		1e-64		1.000000e-64
-fwdflatefwid		4		4
-fwdflatlw		8.5		8.500000e+00
-fwdflatsfwin		25		25
-fwdflatwbeam		7e-29		7.000000e-29
-fwdtree		yes		yes
-hmm					./models/en-us-YJM
-input_endian		little		little
-jsgf					
-keyphrase				
-kws					./models/keyphrase
-kws_delay		10		10
-kws_plp		1e-1		1.000000e-01
-kws_threshold		1e-30		1.000000e-30
-latsize		5000		5000
-lda					
-ldadim			0		0
-lifter			0		22
-lm					
-lmctl					
-lmname					
-logbase		1.0001		1.000100e+00
-logfn					./kws2.log
-logspec		no		no
-lowerf			133.33334	1.300000e+02
-lpbeam			1e-40		1.000000e-40
-lponlybeam		7e-29		7.000000e-29
-lw			6.5		6.500000e+00
-maxhmmpf		30000		30000
-maxwpf			-1		-1
-mdef					
-mean					
-mfclogdir				
-min_endfr		0		0
-mixw					
-mixwfloor		0.0000001	1.000000e-07
-mllr					
-mmap			yes		yes
-ncep			13		13
-nfft			512		512
-nfilt			40		25
-nwpen			1.0		1.000000e+00
-pbeam			1e-48		1.000000e-48
-pip			1.0		1.000000e+00
-pl_beam		1e-10		1.000000e-10
-pl_pbeam		1e-10		1.000000e-10
-pl_pip			1.0		1.000000e+00
-pl_weight		3.0		3.000000e+00
-pl_window		5		5
-rawlogdir				
-remove_dc		no		no
-remove_noise		yes		yes
-remove_silence		yes		yes
-round_filters		yes		yes
-samprate		16000		1.600000e+04
-seed			-1		-1
-sendump				
-senlogdir				
-senmgau				
-silprob		0.005		5.000000e-03
-smoothspec		no		no
-svspec					0-12/13-25/26-38
-tmat					
-tmatfloor		0.0001		1.000000e-04
-topn			4		4
-topn_beam		0		0
-toprule				
-transform		legacy		dct
-unit_area		yes		yes
-upperf			6855.4976	6.800000e+03
-uw			1.0		1.000000e+00
-vad_postspeech		50		50
-vad_prespeech		20		20
-vad_startspeech	10		10
-vad_threshold		3.0		3.000000e+00
-var					
-varfloor		0.0001		1.000000e-04
-varnorm		no		no
-verbose		no		no
-warp_params				
-warp_type		inverse_linear	inverse_linear
-wbeam			7e-29		7.000000e-29
-wip			0.65		6.500000e-01
-wlen			0.025625	2.562500e-02

INFO: feat.c(715): Initializing feature stream to type: '1s_c_d_dd', ceplen=13, CMN='batch', VARNORM='no', AGC='none'
INFO: acmod.c(162): Using subvector specification 0-12/13-25/26-38
INFO: mdef.c(518): Reading model definition: ./models/en-us-YJM/mdef
INFO: bin_mdef.c(181): Allocating 142108 * 8 bytes (1110 KiB) for CD tree
INFO: tmat.c(149): Reading HMM transition probability matrices: ./models/en-us-YJM/transition_matrices
INFO: acmod.c(113): Attempting to use PTM computation module
INFO: ms_gauden.c(127): Reading mixture gaussian parameter: ./models/en-us-YJM/means
INFO: ms_gauden.c(242): 42 codebook, 3 feature, size: 
INFO: ms_gauden.c(244):  128x13
INFO: ms_gauden.c(244):  128x13
INFO: ms_gauden.c(244):  128x13
INFO: ms_gauden.c(127): Reading mixture gaussian parameter: ./models/en-us-YJM/variances
INFO: ms_gauden.c(242): 42 codebook, 3 feature, size: 
INFO: ms_gauden.c(244):  128x13
INFO: ms_gauden.c(244):  128x13
INFO: ms_gauden.c(244):  128x13
INFO: ms_gauden.c(304): 222 variance values floored
INFO: ptm_mgau.c(475): Loading senones from dump file ./models/en-us-YJM/sendump
INFO: ptm_mgau.c(499): BEGIN FILE FORMAT DESCRIPTION
INFO: ptm_mgau.c(562): Rows: 128, Columns: 5126
INFO: ptm_mgau.c(594): Using memory-mapped I/O for senones
INFO: ptm_mgau.c(837): Maximum top-N: 4
INFO: phone_loop_search.c(114): State beam -225 Phone exit beam -225 Insertion penalty 0
INFO: dict.c(320): Allocating 138883 * 32 bytes (4340 KiB) for word entries
INFO: dict.c(333): Reading main dictionary: ./models/cmudict-en-us.dict
INFO: dict.c(213): Dictionary size 134782, allocated 1016 KiB for strings, 1680 KiB for phones
INFO: dict.c(336): 134782 words read
INFO: dict.c(358): Reading filler dictionary: ./models/en-us-YJM/noisedict
INFO: dict.c(213): Dictionary size 134787, allocated 0 KiB for strings, 0 KiB for phones
INFO: dict.c(361): 5 words read
INFO: dict2pid.c(396): Building PID tables for dictionary
INFO: dict2pid.c(406): Allocating 42^3 * 2 bytes (144 KiB) for word-initial triphones
INFO: dict2pid.c(132): Allocated 42672 bytes (41 KiB) for word-final triphones
INFO: dict2pid.c(196): Allocated 42672 bytes (41 KiB) for single-phone word triphones
INFO: kws_search.c(406): KWS(beam: -1080, plp: -23, default threshold -675, delay 10)
INFO: cmn_live.c(120): Update from < 40.00  3.00 -1.00  0.00  0.00  0.00  0.00  0.00  0.00  0.00  0.00  0.00  0.00 >
INFO: cmn_live.c(138): Update to   < 27.75  6.75 -2.89  4.47 -5.71  9.91 -18.48  2.12 -11.04  1.58 -9.40  5.13 -7.70 >
INFO: kws_search.c(656): kws 0.04 CPU 0.050 xRT
INFO: kws_search.c(658): kws 0.56 wall 0.735 xRT
INFO: cmn_live.c(120): Update from < 27.75  6.75 -2.89  4.47 -5.71  9.91 -18.48  2.12 -11.04  1.58 -9.40  5.13 -7.70 >
INFO: cmn_live.c(138): Update to   < 32.22 10.52 -5.04  8.14 -8.29  7.71 -10.77  0.67 -7.49  3.95 -5.90  0.04 -4.21 >
INFO: kws_search.c(656): kws 0.10 CPU 0.046 xRT
INFO: kws_search.c(658): kws 1.06 wall 0.477 xRT
INFO: cmn_live.c(120): Update from < 32.22 10.52 -5.04  8.14 -8.29  7.71 -10.77  0.67 -7.49  3.95 -5.90  0.04 -4.21 >
INFO: cmn_live.c(138): Update to   < 49.60  0.31 -5.53  2.50 -3.69 11.67 -10.43  0.32 -5.85  0.44 -2.88  4.47 -4.98 >
INFO: kws_search.c(656): kws 0.16 CPU 0.043 xRT
INFO: kws_search.c(658): kws 1.90 wall 0.519 xRT
INFO: pocketsphinx.c(152): Parsed model-specific feature parameters from ./models/en-us-YJM/feat.params
Current configuration:
[NAME]			[DEFLT]		[VALUE]
-agc			none		none
-agcthresh		2.0		2.000000e+00
-allphone				
-allphone_ci		yes		yes
-alpha			0.97		9.700000e-01
-ascale			20.0		2.000000e+01
-aw			1		1
-backtrace		no		no
-beam			1e-48		1.000000e-48
-bestpath		yes		yes
-bestpathlw		9.5		9.500000e+00
-ceplen			13		13
-cmn			live		current
-cmninit		40,3,-1		40,3,-1
-compallsen		no		no
-dict					./models/cmudict-en-us.dict
-dictcase		no		no
-dither			no		no
-doublebw		no		no
-ds			1		1
-fdict					
-feat			1s_c_d_dd	1s_c_d_dd
-featparams				
-fillprob		1e-8		1.000000e-08
-frate			100		100
-fsg					
-fsgusealtpron		yes		yes
-fsgusefiller		yes		yes
-fwdflat		yes		yes
-fwdflatbeam		1e-64		1.000000e-64
-fwdflatefwid		4		4
-fwdflatlw		8.5		8.500000e+00
-fwdflatsfwin		25		25
-fwdflatwbeam		7e-29		7.000000e-29
-fwdtree		yes		yes
-hmm					./models/en-us-YJM
-input_endian		little		little
-jsgf					
-keyphrase				
-kws					./models/keyphrase
-kws_delay		10		10
-kws_plp		1e-1		1.000000e-01
-kws_threshold		1e-30		1.000000e-30
-latsize		5000		5000
-lda					
-ldadim			0		0
-lifter			0		22
-lm					
-lmctl					
-lmname					
-logbase		1.0001		1.000100e+00
-logfn					./kws2.log
-logspec		no		no
-lowerf			133.33334	1.300000e+02
-lpbeam			1e-40		1.000000e-40
-lponlybeam		7e-29		7.000000e-29
-lw			6.5		6.500000e+00
-maxhmmpf		30000		30000
-maxwpf			-1		-1
-mdef					
-mean					
-mfclogdir				
-min_endfr		0		0
-mixw					
-mixwfloor		0.0000001	1.000000e-07
-mllr					
-mmap			yes		yes
-ncep			13		13
-nfft			512		512
-nfilt			40		25
-nwpen			1.0		1.000000e+00
-pbeam			1e-48		1.000000e-48
-pip			1.0		1.000000e+00
-pl_beam		1e-10		1.000000e-10
-pl_pbeam		1e-10		1.000000e-10
-pl_pip			1.0		1.000000e+00
-pl_weight		3.0		3.000000e+00
-pl_window		5		5
-rawlogdir				
-remove_dc		no		no
-remove_noise		yes		yes
-remove_silence		yes		yes
-round_filters		yes		yes
-samprate		16000		1.600000e+04
-seed			-1		-1
-sendump				
-senlogdir				
-senmgau				
-silprob		0.005		5.000000e-03
-smoothspec		no		no
-svspec					0-12/13-25/26-38
-tmat					
-tmatfloor		0.0001		1.000000e-04
-topn			4		4
-topn_beam		0		0
-toprule				
-transform		legacy		dct
-unit_area		yes		yes
-upperf			6855.4976	6.800000e+03
-uw			1.0		1.000000e+00
-vad_postspeech		50		50
-vad_prespeech		20		20
-vad_startspeech	10		10
-vad_threshold		3.0		3.000000e+00
-var					
-varfloor		0.0001		1.000000e-04
-varnorm		no		no
-verbose		no		no
-warp_params				
-warp_type		inverse_linear	inverse_linear
-wbeam			7e-29		7.000000e-29
-wip			0.65		6.500000e-01
-wlen			0.025625	2.562500e-02

INFO: feat.c(715): Initializing feature stream to type: '1s_c_d_dd', ceplen=13, CMN='batch', VARNORM='no', AGC='none'
INFO: acmod.c(162): Using subvector specification 0-12/13-25/26-38
INFO: mdef.c(518): Reading model definition: ./models/en-us-YJM/mdef
INFO: bin_mdef.c(181): Allocating 142108 * 8 bytes (1110 KiB) for CD tree
INFO: tmat.c(149): Reading HMM transition probability matrices: ./models/en-us-YJM/transition_matrices
INFO: acmod.c(113): Attempting to use PTM computation module
INFO: ms_gauden.c(127): Reading mixture gaussian parameter: ./models/en-us-YJM/means
INFO: ms_gauden.c(242): 42 codebook, 3 feature, size: 
INFO: ms_gauden.c(244):  128x13
INFO: ms_gauden.c(244):  128x13
INFO: ms_gauden.c(244):  128x13
INFO: ms_gauden.c(127): Reading mixture gaussian parameter: ./models/en-us-YJM/variances
INFO: ms_gauden.c(242): 42 codebook, 3 feature, size: 
INFO: ms_gauden.c(244):  128x13
INFO: ms_gauden.c(244):  128x13
INFO: ms_gauden.c(244):  128x13
INFO: ms_gauden.c(304): 222 variance values floored
INFO: ptm_mgau.c(475): Loading senones from dump file ./models/en-us-YJM/sendump
INFO: ptm_mgau.c(499): BEGIN FILE FORMAT DESCRIPTION
INFO: ptm_mgau.c(562): Rows: 128, Columns: 5126
INFO: ptm_mgau.c(594): Using memory-mapped I/O for senones
INFO: ptm_mgau.c(837): Maximum top-N: 4
INFO: phone_loop_search.c(114): State beam -225 Phone exit beam -225 Insertion penalty 0
INFO: dict.c(320): Allocating 138883 * 32 bytes (4340 KiB) for word entries
INFO: dict.c(333): Reading main dictionary: ./models/cmudict-en-us.dict
INFO: dict.c(213): Dictionary size 134782, allocated 1016 KiB for strings, 1680 KiB for phones
INFO: dict.c(336): 134782 words read
INFO: dict.c(358): Reading filler dictionary: ./models/en-us-YJM/noisedict
INFO: dict.c(213): Dictionary size 134787, allocated 0 KiB for strings, 0 KiB for phones
INFO: dict.c(361): 5 words read
INFO: dict2pid.c(396): Building PID tables for dictionary
INFO: dict2pid.c(406): Allocating 42^3 * 2 bytes (144 KiB) for word-initial triphones
INFO: dict2pid.c(132): Allocated 42672 bytes (41 KiB) for word-final triphones
INFO: dict2pid.c(196): Allocated 42672 bytes (41 KiB) for single-phone word triphones
INFO: kws_search.c(406): KWS(beam: -1080, plp: -23, default threshold -675, delay 10)
INFO: pocketsphinx.c(152): Parsed model-specific feature parameters from ./models/en-us-YJM/feat.params
Current configuration:
[NAME]			[DEFLT]		[VALUE]
-agc			none		none
-agcthresh		2.0		2.000000e+00
-allphone				
-allphone_ci		yes		yes
-alpha			0.97		9.700000e-01
-ascale			20.0		2.000000e+01
-aw			1		1
-backtrace		no		no
-beam			1e-48		1.000000e-48
-bestpath		yes		yes
-bestpathlw		9.5		9.500000e+00
-ceplen			13		13
-cmn			live		current
-cmninit		40,3,-1		40,3,-1
-compallsen		no		no
-dict					./models/cmudict-en-us.dict
-dictcase		no		no
-dither			no		no
-doublebw		no		no
-ds			1		1
-fdict					
-feat			1s_c_d_dd	1s_c_d_dd
-featparams				
-fillprob		1e-8		1.000000e-08
-frate			100		100
-fsg					
-fsgusealtpron		yes		yes
-fsgusefiller		yes		yes
-fwdflat		yes		yes
-fwdflatbeam		1e-64		1.000000e-64
-fwdflatefwid		4		4
-fwdflatlw		8.5		8.500000e+00
-fwdflatsfwin		25		25
-fwdflatwbeam		7e-29		7.000000e-29
-fwdtree		yes		yes
-hmm					./models/en-us-YJM
-input_endian		little		little
-jsgf					
-keyphrase				
-kws					./models/keyphrase
-kws_delay		10		10
-kws_plp		1e-1		1.000000e-01
-kws_threshold		1e-30		1.000000e-30
-latsize		5000		5000
-lda					
-ldadim			0		0
-lifter			0		22
-lm					
-lmctl					
-lmname					
-logbase		1.0001		1.000100e+00
-logfn					./kws2.log
-logspec		no		no
-lowerf			133.33334	1.300000e+02
-lpbeam			1e-40		1.000000e-40
-lponlybeam		7e-29		7.000000e-29
-lw			6.5		6.500000e+00
-maxhmmpf		30000		30000
-maxwpf			-1		-1
-mdef					
-mean					
-mfclogdir				
-min_endfr		0		0
-mixw					
-mixwfloor		0.0000001	1.000000e-07
-mllr					
-mmap			yes		yes
-ncep			13		13
-nfft			512		512
-nfilt			40		25
-nwpen			1.0		1.000000e+00
-pbeam			1e-48		1.000000e-48
-pip			1.0		1.000000e+00
-pl_beam		1e-10		1.000000e-10
-pl_pbeam		1e-10		1.000000e-10
-pl_pip			1.0		1.000000e+00
-pl_weight		3.0		3.000000e+00
-pl_window		5		5
-rawlogdir				
-remove_dc		no		no
-remove_noise		yes		yes
-remove_silence		yes		yes
-round_filters		yes		yes
-samprate		16000		1.600000e+04
-seed			-1		-1
-sendump				
-senlogdir				
-senmgau				
-silprob		0.005		5.000000e-03
-smoothspec		no		no
-svspec					0-12/13-25/26-38
-tmat					
-tmatfloor		0.0001		1.000000e-04
-topn			4		4
-topn_beam		0		0
-toprule				
-transform		legacy		dct
-unit_area		yes		yes
-upperf			6855.4976	6.800000e+03
-uw			1.0		1.000000e+00
-vad_postspeech		50		50
-vad_prespeech		20		20
-vad_startspeech	10		10
-vad_threshold		3.0		3.000000e+00
-var					
-varfloor		0.0001		1.000000e-04
-varnorm		no		no
-verbose		no		no
-warp_params				
-warp_type		inverse_linear	inverse_linear
-wbeam			7e-29		7.000000e-29
-wip			0.65		6.500000e-01
-wlen			0.025625	2.562500e-02

INFO: feat.c(715): Initializing feature stream to type: '1s_c_d_dd', ceplen=13, CMN='batch', VARNORM='no', AGC='none'
INFO: acmod.c(162): Using subvector specification 0-12/13-25/26-38
INFO: mdef.c(518): Reading model definition: ./models/en-us-YJM/mdef
INFO: bin_mdef.c(181): Allocating 142108 * 8 bytes (1110 KiB) for CD tree
INFO: tmat.c(149): Reading HMM transition probability matrices: ./models/en-us-YJM/transition_matrices
INFO: acmod.c(113): Attempting to use PTM computation module
INFO: ms_gauden.c(127): Reading mixture gaussian parameter: ./models/en-us-YJM/means
INFO: ms_gauden.c(242): 42 codebook, 3 feature, size: 
INFO: ms_gauden.c(244):  128x13
INFO: ms_gauden.c(244):  128x13
INFO: ms_gauden.c(244):  128x13
INFO: ms_gauden.c(127): Reading mixture gaussian parameter: ./models/en-us-YJM/variances
INFO: ms_gauden.c(242): 42 codebook, 3 feature, size: 
INFO: ms_gauden.c(244):  128x13
INFO: ms_gauden.c(244):  128x13
INFO: ms_gauden.c(244):  128x13
INFO: ms_gauden.c(304): 222 variance values floored
INFO: ptm_mgau.c(475): Loading senones from dump file ./models/en-us-YJM/sendump
INFO: ptm_mgau.c(499): BEGIN FILE FORMAT DESCRIPTION
INFO: ptm_mgau.c(562): Rows: 128, Columns: 5126
INFO: ptm_mgau.c(594): Using memory-mapped I/O for senones
INFO: ptm_mgau.c(837): Maximum top-N: 4
INFO: phone_loop_search.c(114): State beam -225 Phone exit beam -225 Insertion penalty 0
INFO: dict.c(320): Allocating 138883 * 32 bytes (4340 KiB) for word entries
INFO: dict.c(333): Reading main dictionary: ./models/cmudict-en-us.dict
INFO: dict.c(213): Dictionary size 134782, allocated 1016 KiB for strings, 1680 KiB for phones
INFO: dict.c(336): 134782 words read
INFO: dict.c(358): Reading filler dictionary: ./models/en-us-YJM/noisedict
INFO: dict.c(213): Dictionary size 134787, allocated 0 KiB for strings, 0 KiB for phones
INFO: dict.c(361): 5 words read
INFO: dict2pid.c(396): Building PID tables for dictionary
INFO: dict2pid.c(406): Allocating 42^3 * 2 bytes (144 KiB) for word-initial triphones
INFO: dict2pid.c(132): Allocated 42672 bytes (41 KiB) for word-final triphones
INFO: dict2pid.c(196): Allocated 42672 bytes (41 KiB) for single-phone word triphones
INFO: kws_search.c(406): KWS(beam: -1080, plp: -23, default threshold -675, delay 10)
INFO: cmn_live.c(120): Update from < 40.00  3.00 -1.00  0.00  0.00  0.00  0.00  0.00  0.00  0.00  0.00  0.00  0.00 >
INFO: cmn_live.c(138): Update to   < 40.48 11.49 -11.29 -14.72  0.36  2.98 -2.21  9.35  9.07  0.05 -0.42 12.76 -5.51 >
INFO: kws_search.c(656): kws 0.05 CPU 0.048 xRT
INFO: kws_search.c(658): kws 0.60 wall 0.528 xRT
INFO: cmn_live.c(120): Update from < 40.48 11.49 -11.29 -14.72  0.36  2.98 -2.21  9.35  9.07  0.05 -0.42 12.76 -5.51 >
INFO: cmn_live.c(138): Update to   < 39.40 10.12 -10.00 -9.82  1.07  2.46 -5.02  9.84 11.40 -0.84 -3.54 12.71 -5.09 >
INFO: kws_search.c(656): kws 0.03 CPU 0.048 xRT
INFO: kws_search.c(658): kws 0.92 wall 1.256 xRT
INFO: cmn_live.c(120): Update from < 39.40 10.12 -10.00 -9.82  1.07  2.46 -5.02  9.84 11.40 -0.84 -3.54 12.71 -5.09 >
INFO: cmn_live.c(138): Update to   < 38.64 13.91 -3.21 -8.83  1.14  6.44 -3.02  9.60  8.25 -0.83 -2.24  7.10 -9.52 >
INFO: kws_search.c(656): kws 0.05 CPU 0.046 xRT
INFO: kws_search.c(658): kws 0.10 wall 0.098 xRT
INFO: cmn_live.c(120): Update from < 38.64 13.91 -3.21 -8.83  1.14  6.44 -3.02  9.60  8.25 -0.83 -2.24  7.10 -9.52 >
INFO: cmn_live.c(138): Update to   < 40.82 15.38  2.25 -3.02 -6.00  0.79 -0.33 14.69  9.32 -3.95 -3.65 10.70 -3.47 >
INFO: kws_search.c(656): kws 0.11 CPU 0.042 xRT
INFO: kws_search.c(658): kws 0.98 wall 0.378 xRT
INFO: pocketsphinx.c(152): Parsed model-specific feature parameters from ./models/en-us-YJM/feat.params
Current configuration:
[NAME]			[DEFLT]		[VALUE]
-agc			none		none
-agcthresh		2.0		2.000000e+00
-allphone				
-allphone_ci		yes		yes
-alpha			0.97		9.700000e-01
-ascale			20.0		2.000000e+01
-aw			1		1
-backtrace		no		no
-beam			1e-48		1.000000e-48
-bestpath		yes		yes
-bestpathlw		9.5		9.500000e+00
-ceplen			13		13
-cmn			live		current
-cmninit		40,3,-1		40,3,-1
-compallsen		no		no
-dict					./models/cmudict-en-us.dict
-dictcase		no		no
-dither			no		no
-doublebw		no		no
-ds			1		1
-fdict					
-feat			1s_c_d_dd	1s_c_d_dd
-featparams				
-fillprob		1e-8		1.000000e-08
-frate			100		100
-fsg					
-fsgusealtpron		yes		yes
-fsgusefiller		yes		yes
-fwdflat		yes		yes
-fwdflatbeam		1e-64		1.000000e-64
-fwdflatefwid		4		4
-fwdflatlw		8.5		8.500000e+00
-fwdflatsfwin		25		25
-fwdflatwbeam		7e-29		7.000000e-29
-fwdtree		yes		yes
-hmm					./models/en-us-YJM
-input_endian		little		little
-jsgf					
-keyphrase				
-kws					./models/keyphrase
-kws_delay		10		10
-kws_plp		1e-1		1.000000e-01
-kws_threshold		1e-30		1.000000e-30
-latsize		5000		5000
-lda					
-ldadim			0		0
-lifter			0		22
-lm					
-lmctl					
-lmname					
-logbase		1.0001		1.000100e+00
-logfn					./kws2.log
-logspec		no		no
-lowerf			133.33334	1.300000e+02
-lpbeam			1e-40		1.000000e-40
-lponlybeam		7e-29		7.000000e-29
-lw			6.5		6.500000e+00
-maxhmmpf		30000		30000
-maxwpf			-1		-1
-mdef					
-mean					
-mfclogdir				
-min_endfr		0		0
-mixw					
-mixwfloor		0.0000001	1.000000e-07
-mllr					
-mmap			yes		yes
-ncep			13		13
-nfft			512		512
-nfilt			40		25
-nwpen			1.0		1.000000e+00
-pbeam			1e-48		1.000000e-48
-pip			1.0		1.000000e+00
-pl_beam		1e-10		1.000000e-10
-pl_pbeam		1e-10		1.000000e-10
-pl_pip			1.0		1.000000e+00
-pl_weight		3.0		3.000000e+00
-pl_window		5		5
-rawlogdir				
-remove_dc		no		no
-remove_noise		yes		yes
-remove_silence		yes		yes
-round_filters		yes		yes
-samprate		16000		1.600000e+04
-seed			-1		-1
-sendump				
-senlogdir				
-senmgau				
-silprob		0.005		5.000000e-03
-smoothspec		no		no
-svspec					0-12/13-25/26-38
-tmat					
-tmatfloor		0.0001		1.000000e-04
-topn			4		4
-topn_beam		0		0
-toprule				
-transform		legacy		dct
-unit_area		yes		yes
-upperf			6855.4976	6.800000e+03
-uw			1.0		1.000000e+00
-vad_postspeech		50		50
-vad_prespeech		20		20
-vad_startspeech	10		10
-vad_threshold		3.0		3.000000e+00
-var					
-varfloor		0.0001		1.000000e-04
-varnorm		no		no
-verbose		no		no
-warp_params				
-warp_type		inverse_linear	inverse_linear
-wbeam			7e-29		7.000000e-29
-wip			0.65		6.500000e-01
-wlen			0.025625	2.562500e-02

INFO: ngram_search_fwdtree.c(429): TOTAL fwdtree 0.00 CPU nan xRT
INFO: ngram_search_fwdtree.c(432): TOTAL fwdtree 0.00 wall nan xRT
INFO: ngram_search_fwdflat.c(176): TOTAL fwdflat 0.00 CPU nan xRT
INFO: ngram_search_fwdflat.c(179): TOTAL fwdflat 0.00 wall nan xRT
INFO: ngram_search.c(303): TOTAL bestpath 0.00 CPU nan xRT
INFO: ngram_search.c(306): TOTAL bestpath 0.00 wall nan xRT
INFO: feat.c(715): Initializing feature stream to type: '1s_c_d_dd', ceplen=13, CMN='batch', VARNORM='no', AGC='none'
INFO: acmod.c(162): Using subvector specification 0-12/13-25/26-38
INFO: mdef.c(518): Reading model definition: ./models/en-us-YJM/mdef
INFO: bin_mdef.c(181): Allocating 142108 * 8 bytes (1110 KiB) for CD tree
INFO: tmat.c(149): Reading HMM transition probability matrices: ./models/en-us-YJM/transition_matrices
INFO: acmod.c(113): Attempting to use PTM computation module
INFO: ms_gauden.c(127): Reading mixture gaussian parameter: ./models/en-us-YJM/means
INFO: ms_gauden.c(242): 42 codebook, 3 feature, size: 
INFO: ms_gauden.c(244):  128x13
INFO: ms_gauden.c(244):  128x13
INFO: ms_gauden.c(244):  128x13
INFO: ms_gauden.c(127): Reading mixture gaussian parameter: ./models/en-us-YJM/variances
INFO: ms_gauden.c(242): 42 codebook, 3 feature, size: 
INFO: ms_gauden.c(244):  128x13
INFO: ms_gauden.c(244):  128x13
INFO: ms_gauden.c(244):  128x13
INFO: ms_gauden.c(304): 222 variance values floored
INFO: ptm_mgau.c(475): Loading senones from dump file ./models/en-us-YJM/sendump
INFO: ptm_mgau.c(499): BEGIN FILE FORMAT DESCRIPTION
INFO: ptm_mgau.c(562): Rows: 128, Columns: 5126
INFO: ptm_mgau.c(594): Using memory-mapped I/O for senones
INFO: ptm_mgau.c(837): Maximum top-N: 4
INFO: phone_loop_search.c(114): State beam -225 Phone exit beam -225 Insertion penalty 0
INFO: dict.c(320): Allocating 138883 * 32 bytes (4340 KiB) for word entries
INFO: dict.c(333): Reading main dictionary: ./models/cmudict-en-us.dict
INFO: dict.c(213): Dictionary size 134782, allocated 1016 KiB for strings, 1680 KiB for phones
INFO: dict.c(336): 134782 words read
INFO: dict.c(358): Reading filler dictionary: ./models/en-us-YJM/noisedict
INFO: dict.c(213): Dictionary size 134787, allocated 0 KiB for strings, 0 KiB for phones
INFO: dict.c(361): 5 words read
INFO: dict2pid.c(396): Building PID tables for dictionary
INFO: dict2pid.c(406): Allocating 42^3 * 2 bytes (144 KiB) for word-initial triphones
INFO: dict2pid.c(132): Allocated 42672 bytes (41 KiB) for word-final triphones
INFO: dict2pid.c(196): Allocated 42672 bytes (41 KiB) for single-phone word triphones
INFO: kws_search.c(406): KWS(beam: -1080, plp: -23, default threshold -675, delay 10)
ERROR: "pocketsphinx.c", line 1068: Failed to process data, utterance is not started. Use start_utt to start it
ERROR: "pocketsphinx.c", line 1131: Utterance is not started
INFO: cmn_live.c(120): Update from < 40.00  3.00 -1.00  0.00  0.00  0.00  0.00  0.00  0.00  0.00  0.00  0.00  0.00 >
INFO: cmn_live.c(138): Update to   < 34.67 18.27 10.61 -3.50 -2.83  8.90 -8.62  2.27  1.55  0.25 -1.73  8.20 -2.69 >
INFO: kws_search.c(656): kws 0.13 CPU 0.043 xRT
INFO: kws_search.c(658): kws 0.73 wall 0.238 xRT
INFO: cmn_live.c(120): Update from < 34.67 18.27 10.61 -3.50 -2.83  8.90 -8.62  2.27  1.55  0.25 -1.73  8.20 -2.69 >
INFO: cmn_live.c(138): Update to   < 38.72 17.19  7.79 -4.84 -3.01 10.76 -6.75  3.05  6.22  6.72  1.82  8.74 -0.91 >
INFO: kws_search.c(656): kws 0.03 CPU 0.052 xRT
INFO: kws_search.c(658): kws 0.76 wall 1.263 xRT
